GET /admins/Kadapa 95.582 ms
GET /admins/Kadapa 55.021 ms
GET /complaints/draftComplaints 162.418 ms
GET /complaints/draftComplaints 87.292 ms
GET /messages/sentMessages 5.162 ms
GET /messages/sentMessages 1.711 ms
GET /complaints/sentComplaints 148.491 ms
GET /complaints/sentComplaints 143.154 ms
GET /upload/profilepic-1680626303685.png 4.537 ms
GET /upload/profilepic-1680626303685.png 3.830 ms
GET /upload/profilepic-1680626303685.png 1.599 ms
PUT /upload/profilepic 282.941 ms
GET /upload/profilepic-1680629383395.png 1.870 ms
GET /docs 11.358 ms
GET /docs/ 7.163 ms
GET /docs/swagger-ui-init.js 0.522 ms
GET /docs/swagger-ui.css 15.686 ms
GET /docs/swagger-ui-standalone-preset.js 14.040 ms
GET /docs/swagger-ui-bundle.js 15.768 ms
GET /docs/favicon-32x32.png 3.832 ms
GET /docs/ 13.739 ms
GET /docs/swagger-ui.css 13.050 ms
GET /docs/swagger-ui-bundle.js 11.302 ms
GET /docs/swagger-ui-init.js 1.810 ms
GET /docs/swagger-ui-standalone-preset.js 16.190 ms
GET /docs/favicon-32x32.png 1.253 ms
GET /sentComplaints 7.459 ms
GET /docs/ 25.071 ms
GET /docs/swagger-ui.css 8.056 ms
GET /docs/swagger-ui-bundle.js 7.965 ms
GET /docs/swagger-ui-standalone-preset.js 8.646 ms
GET /docs/swagger-ui-init.js 1.668 ms
GET /docs/favicon-32x32.png 3.846 ms
GET /sentComplaints 4.679 ms
GET /docs/ 5.032 ms
GET /docs/swagger-ui.css 2.940 ms
GET /docs/swagger-ui-bundle.js 2.668 ms
GET /docs/swagger-ui-init.js 0.586 ms
GET /docs/swagger-ui-standalone-preset.js 2.943 ms
GET /docs/favicon-32x32.png 0.672 ms
POST /login 0.630 ms
POST /login 0.162 ms
GET /messages/sentMessages 1.463 ms
GET /messages/sentMessages 0.495 ms
GET /complaints/sentComplaints 352.542 ms
GET /complaints/sentComplaints 194.400 ms
GET /upload/profilepic-1680629383395.png 4.998 ms
GET /upload/profilepic-1680629383395.png 3.513 ms
GET /upload/profilepic-1680629383395.png 1.604 ms
GET /admins/Kadapa 98.093 ms
GET /complaints/draftComplaints 90.987 ms
GET /admins/Kadapa 358.167 ms
GET /complaints/draftComplaints 456.750 ms
POST /complaints/send 221.186 ms
GET /messages/sentMessages 1.227 ms
GET /messages/sentMessages 0.655 ms
GET /complaints/sentComplaints 193.042 ms
GET /complaints/sentComplaints 236.615 ms
GET /admins/Kadapa 80.697 ms
GET /complaints/draftComplaints 85.485 ms
GET /admins/Kadapa 71.572 ms
GET /complaints/draftComplaints 122.922 ms
GET /messages/sentMessages 0.813 ms
GET /messages/sentMessages 0.501 ms
GET /complaints/sentComplaints 126.480 ms
GET /complaints/sentComplaints 198.537 ms
GET /messages/sentMessages 0.812 ms
GET /messages/sentMessages 0.533 ms
GET /complaints/sentComplaints 180.420 ms
GET /complaints/sentComplaints 173.826 ms
GET /messages/sentMessages 0.622 ms
GET /messages/sentMessages 0.807 ms
GET /complaints/sentComplaints 171.264 ms
GET /complaints/sentComplaints 175.134 ms
GET /messages/sentMessages 0.559 ms
GET /messages/sentMessages 0.799 ms
GET /complaints/sentComplaints 185.312 ms
GET /complaints/sentComplaints 203.504 ms
GET /admins/Kadapa 76.031 ms
GET /complaints/draftComplaints 83.465 ms
GET /admins/Kadapa 73.803 ms
GET /complaints/draftComplaints 155.207 ms
GET /messages/sentMessages 0.868 ms
GET /messages/sentMessages 0.688 ms
GET /complaints/sentComplaints 630.178 ms
GET /complaints/sentComplaints 124.488 ms
GET /messages/sentMessages 0.636 ms
GET /messages/sentMessages 0.436 ms
GET /complaints/sentComplaints 165.939 ms
GET /complaints/sentComplaints 159.936 ms
GET /upload/profilepic-1680629383395.png 2.359 ms
GET /upload/profilepic-1680629383395.png 2.773 ms
GET /upload/profilepic-1680629383395.png 1.658 ms
GET /messages/sentMessages 0.541 ms
GET /messages/sentMessages 0.512 ms
GET /complaints/sentComplaints 626.606 ms
GET /complaints/sentComplaints 190.315 ms
GET /admins/Kadapa 56.321 ms
GET /admins/Kadapa 53.463 ms
GET /complaints/draftComplaints 128.462 ms
GET /complaints/draftComplaints 96.844 ms
GET /messages/sentMessages 0.497 ms
GET /messages/sentMessages 0.404 ms
GET /complaints/sentComplaints 167.343 ms
GET /complaints/sentComplaints 152.634 ms
GET /messages/sentMessages 0.527 ms
GET /messages/sentMessages 0.358 ms
GET /complaints/sentComplaints 560.899 ms
GET /complaints/sentComplaints 119.010 ms
GET /messages/sentMessages 0.671 ms
GET /messages/sentMessages 0.686 ms
GET /complaints/sentComplaints 158.851 ms
GET /complaints/sentComplaints 147.867 ms
GET /messages/sentMessages 0.485 ms
GET /messages/sentMessages 0.577 ms
GET /complaints/sentComplaints 677.126 ms
GET /complaints/sentComplaints 181.299 ms
GET /messages/sentMessages 0.437 ms
GET /messages/sentMessages 0.340 ms
GET /complaints/sentComplaints 179.073 ms
GET /complaints/sentComplaints 176.191 ms
GET /messages/sentMessages 0.432 ms
GET /messages/sentMessages 0.457 ms
GET /complaints/sentComplaints 183.916 ms
GET /complaints/sentComplaints 170.567 ms
GET /messages/sentMessages 0.299 ms
GET /messages/sentMessages 0.439 ms
GET /complaints/sentComplaints 172.659 ms
GET /complaints/sentComplaints 165.875 ms
GET /upload/profilepic-1680629383395.png 2.495 ms
GET /upload/profilepic-1680629383395.png 2.314 ms
GET /upload/profilepic-1680629383395.png 1.622 ms
GET /admins/Kadapa 76.304 ms
GET /complaints/draftComplaints 92.279 ms
GET /admins/Kadapa 66.007 ms
GET /complaints/draftComplaints 97.352 ms
GET /messages/sentMessages 0.492 ms
GET /messages/sentMessages 0.760 ms
GET /complaints/sentComplaints 152.973 ms
GET /complaints/sentComplaints 168.845 ms
GET /messages/sentMessages 0.319 ms
GET /messages/sentMessages 0.372 ms
GET /complaints/sentComplaints 175.725 ms
GET /complaints/sentComplaints 173.866 ms
GET /messages/sentMessages 0.216 ms
GET /messages/sentMessages 0.331 ms
GET /complaints/sentComplaints 3029.331 ms
GET /complaints/sentComplaints 163.398 ms
GET /messages/sentMessages 0.156 ms
GET /messages/sentMessages 0.130 ms
GET /complaints/sentComplaints 848.554 ms
GET /complaints/sentComplaints 542.520 ms
GET /upload/profilepic-1680629383395.png 1.674 ms
GET /upload/profilepic-1680629383395.png 1.342 ms
GET /upload/profilepic-1680629383395.png 2.246 ms
GET /messages/sentMessages 0.148 ms
GET /complaints/sentComplaints 0.693 ms
GET /messages/sentMessages 0.181 ms
GET /complaints/sentComplaints 0.610 ms
POST /lg/login 392.729 ms
GET /messages/sentMessages 0.239 ms
GET /messages/sentMessages 0.399 ms
GET /complaints/sentComplaints 167.510 ms
GET /complaints/sentComplaints 165.643 ms
GET /complaints/uploads/attachments-1680532248760.jpg 1.584 ms
GET /complaints/uploads/attachments-1680532248760.jpg 1.235 ms
GET /messages/sentMessages 0.258 ms
GET /messages/sentMessages 0.197 ms
GET /complaints/sentComplaints 182.786 ms
GET /complaints/sentComplaints 165.597 ms
GET /complaints/uploads/attachments-1680512051105.png 7.217 ms
GET /complaints/uploads/attachments-1680512051105.png 1.268 ms
GET /complaints/uploads/attachments-1680512051074.png 8.904 ms
GET /complaints/uploads/attachments-1680512051074.png 1.787 ms
GET /complaints/uploads/attachments-1680512051105.png 2.035 ms
GET /complaints/uploads/attachments-1680512051105.png 6.926 ms
GET /complaints/uploads/attachments-1680512051074.png 1.681 ms
GET /complaints/uploads/attachments-1680512051074.png 2.674 ms
GET /messages/sentMessages 0.211 ms
GET /messages/sentMessages 0.332 ms
GET /complaints/sentComplaints 164.622 ms
GET /complaints/sentComplaints 163.140 ms
GET /admins/Kadapa 59.318 ms
GET /complaints/draftComplaints 82.259 ms
GET /admins/Kadapa 57.144 ms
GET /complaints/draftComplaints 84.844 ms
GET /messages/sentMessages 0.229 ms
GET /messages/sentMessages 0.192 ms
GET /complaints/sentComplaints 155.566 ms
GET /complaints/sentComplaints 185.750 ms
GET /messages/sentMessages 0.221 ms
GET /messages/sentMessages 0.269 ms
GET /complaints/sentComplaints 165.291 ms
GET /complaints/sentComplaints 160.466 ms
GET /complaints/uploads/attachments-1680512051105.png 3.718 ms
GET /complaints/uploads/attachments-1680512051105.png 6.162 ms
GET /complaints/uploads/attachments-1680512051074.png 2.874 ms
GET /complaints/uploads/attachments-1680512051074.png 7.882 ms
GET /messages/sentMessages 0.664 ms
GET /messages/sentMessages 0.464 ms
GET /complaints/sentComplaints 213.181 ms
GET /complaints/sentComplaints 195.186 ms
GET /admins/Kadapa 101.673 ms
GET /complaints/draftComplaints 115.075 ms
GET /admins/Kadapa 71.494 ms
GET /complaints/draftComplaints 116.202 ms
POST /complaints/send 146.931 ms
POST /complaints/send 127.734 ms
GET /messages/sentMessages 0.588 ms
GET /messages/sentMessages 0.424 ms
GET /complaints/sentComplaints 186.386 ms
GET /complaints/sentComplaints 203.651 ms
GET /admins/Kadapa 100.317 ms
GET /complaints/draftComplaints 121.131 ms
GET /admins/Kadapa 73.341 ms
GET /complaints/draftComplaints 140.607 ms
GET /messages/sentMessages 0.519 ms
GET /messages/sentMessages 0.624 ms
GET /complaints/sentComplaints 193.590 ms
GET /complaints/sentComplaints 198.662 ms
GET /docs/ 11.613 ms
GET /docs/swagger-ui.css 7.264 ms
GET /docs/swagger-ui-bundle.js 5.735 ms
GET /docs/swagger-ui-standalone-preset.js 1.545 ms
GET /docs/swagger-ui-init.js 0.652 ms
GET /docs/favicon-32x32.png 1.464 ms
GET /messages/sentMessages 4.583 ms
GET /complaints/sentComplaints 5.087 ms
GET /messages/sentMessages 2.618 ms
POST /lg/register 639.427 ms
POST /lg/login 414.662 ms
GET /messages/sentMessages 0.519 ms
GET /messages/sentMessages 0.470 ms
GET /complaints/sentComplaints 195.334 ms
GET /complaints/sentComplaints 207.484 ms
GET /complaints/uploads/attachments-1680512051105.png 2.954 ms
GET /complaints/uploads/attachments-1680512051105.png 5.877 ms
GET /complaints/uploads/attachments-1680512051074.png 3.694 ms
GET /complaints/uploads/attachments-1680512051074.png 2.944 ms
GET /messages/sentMessages 0.273 ms
GET /messages/sentMessages 0.329 ms
GET /complaints/sentComplaints 179.688 ms
GET /complaints/sentComplaints 218.491 ms
GET /messages/sentMessages 0.333 ms
GET /messages/sentMessages 0.314 ms
GET /complaints/sentComplaints 181.263 ms
GET /complaints/sentComplaints 163.761 ms
GET /admins/Kadapa 422.637 ms
GET /admins/Kadapa 53.878 ms
GET /complaints/draftComplaints 522.692 ms
GET /complaints/draftComplaints 121.490 ms
POST /complaints/draft 267.406 ms
GET /messages/sentMessages 3.738 ms
GET /messages/sentMessages 2.047 ms
GET /complaints/sentComplaints 382.624 ms
GET /complaints/sentComplaints 321.912 ms
GET /admins/Kadapa 62.376 ms
GET /complaints/draftComplaints 86.188 ms
GET /admins/Kadapa 65.362 ms
GET /complaints/draftComplaints 97.823 ms
DELETE /complaints/undefined 0.177 ms
GET /messages/sentMessages 0.911 ms
GET /messages/sentMessages 0.328 ms
GET /complaints/sentComplaints 148.996 ms
GET /complaints/sentComplaints 170.475 ms
GET /admins/Kadapa 62.228 ms
GET /complaints/draftComplaints 89.353 ms
GET /admins/Kadapa 61.410 ms
GET /complaints/draftComplaints 85.647 ms
DELETE /complaints/undefined 0.207 ms
GET /messages/sentMessages 0.264 ms
GET /messages/sentMessages 0.461 ms
GET /complaints/sentComplaints 312.662 ms
GET /complaints/sentComplaints 335.755 ms
GET /admins/Kadapa 67.800 ms
GET /complaints/draftComplaints 100.288 ms
GET /admins/Kadapa 59.912 ms
GET /complaints/draftComplaints 90.753 ms
DELETE /complaints/undefined 0.155 ms
GET /messages/sentMessages 0.292 ms
GET /messages/sentMessages 0.299 ms
GET /complaints/sentComplaints 139.307 ms
GET /complaints/sentComplaints 167.853 ms
GET /admins/Kadapa 64.568 ms
GET /complaints/draftComplaints 86.539 ms
GET /admins/Kadapa 44.850 ms
GET /complaints/draftComplaints 110.300 ms
DELETE /complaints/undefined 0.186 ms
GET /messages/sentMessages 0.388 ms
GET /messages/sentMessages 0.371 ms
GET /complaints/sentComplaints 173.150 ms
GET /complaints/sentComplaints 168.830 ms
GET /admins/Kadapa 70.781 ms
GET /complaints/draftComplaints 110.685 ms
GET /admins/Kadapa 60.302 ms
GET /complaints/draftComplaints 128.917 ms
DELETE /complaints/undefined 0.183 ms
GET /admins/Kadapa 43.053 ms
GET /admins/Kadapa 43.542 ms
GET /complaints/draftComplaints 113.497 ms
GET /complaints/draftComplaints 108.248 ms
GET /messages/sentMessages 0.298 ms
GET /messages/sentMessages 0.260 ms
GET /complaints/sentComplaints 260.741 ms
GET /complaints/sentComplaints 225.420 ms
GET /admins/Kadapa 83.721 ms
GET /complaints/draftComplaints 108.442 ms
GET /admins/Kadapa 70.804 ms
GET /complaints/draftComplaints 94.468 ms
GET /messages/sentMessages 0.166 ms
GET /messages/sentMessages 0.213 ms
GET /complaints/sentComplaints 184.168 ms
GET /complaints/sentComplaints 250.037 ms
GET /admins/Kadapa 66.481 ms
GET /admins/Kadapa 89.947 ms
GET /complaints/draftComplaints 173.764 ms
GET /complaints/draftComplaints 141.683 ms
POST /complaints/draft 564.352 ms
GET /messages/sentMessages 0.240 ms
GET /messages/sentMessages 0.424 ms
GET /complaints/sentComplaints 252.037 ms
GET /complaints/sentComplaints 180.080 ms
GET /admins/Kadapa 81.164 ms
GET /complaints/draftComplaints 182.061 ms
GET /admins/Kadapa 146.426 ms
GET /complaints/draftComplaints 133.002 ms
PUT /complaints/send/642c69f43f2959680bc86f4b 160.105 ms
GET /messages/sentMessages 0.204 ms
GET /messages/sentMessages 0.256 ms
GET /complaints/sentComplaints 354.337 ms
GET /complaints/sentComplaints 184.702 ms
GET /admins/Kadapa 93.652 ms
GET /complaints/draftComplaints 123.248 ms
GET /admins/Kadapa 61.258 ms
GET /complaints/draftComplaints 89.798 ms
GET /messages/sentMessages 0.243 ms
GET /messages/sentMessages 0.338 ms
GET /complaints/sentComplaints 188.891 ms
GET /complaints/sentComplaints 206.831 ms
GET /messages/sentMessages 0.488 ms
GET /messages/sentMessages 0.477 ms
GET /complaints/sentComplaints 210.096 ms
GET /complaints/sentComplaints 192.788 ms
GET /messages/sentMessages 0.451 ms
GET /complaints/sentComplaints 1.373 ms
GET /messages/sentMessages 0.401 ms
GET /complaints/sentComplaints 1.374 ms
POST /lg/login 862.151 ms
GET /messages/sentMessages 0.284 ms
GET /messages/sentMessages 0.432 ms
GET /complaints/sentComplaints 177.266 ms
GET /complaints/sentComplaints 174.536 ms
GET /messages/sentMessages 0.449 ms
GET /complaints/sentComplaints 1.389 ms
GET /messages/sentMessages 0.558 ms
GET /complaints/sentComplaints 1.610 ms
POST /lg/sendpasswordlink 3197.403 ms
POST /lg/login 811.753 ms
GET /messages/sentMessages 0.261 ms
GET /messages/sentMessages 0.378 ms
GET /complaints/sentComplaints 185.210 ms
GET /complaints/sentComplaints 187.113 ms
GET /messages/sentMessages 0.411 ms
GET /complaints/sentComplaints 1.259 ms
GET /messages/sentMessages 0.511 ms
GET /complaints/sentComplaints 1.447 ms
POST /lg/sendpasswordlink 2711.852 ms
POST /lg/sendpasswordlink 75.824 ms
POST /lg/sendpasswordlink 3141.755 ms
POST /lg/sendpasswordlink - ms
POST /lg/sendpasswordlink 2765.746 ms
POST /lg/sendpasswordlink 2510.367 ms
POST /lg/login 900.943 ms
GET /messages/sentMessages 4.311 ms
GET /messages/sentMessages 1.704 ms
GET /complaints/sentComplaints 192.454 ms
GET /complaints/sentComplaints 185.412 ms
GET /admins/Kadapa 89.771 ms
GET /complaints/draftComplaints 109.375 ms
GET /admins/Kadapa 72.649 ms
GET /complaints/draftComplaints 111.648 ms
POST /complaints/draft 453.362 ms
GET /messages/sentMessages 0.802 ms
GET /messages/sentMessages 1.364 ms
GET /complaints/sentComplaints 162.347 ms
GET /complaints/sentComplaints 196.473 ms
GET /messages/sentMessages 0.856 ms
GET /messages/sentMessages 0.867 ms
GET /complaints/sentComplaints 187.477 ms
GET /complaints/sentComplaints 180.737 ms
GET /admins/Kadapa 115.208 ms
GET /complaints/draftComplaints 123.413 ms
GET /admins/Kadapa 76.124 ms
GET /complaints/draftComplaints 117.112 ms
GET /messages/sentMessages 0.874 ms
GET /messages/sentMessages 1.005 ms
GET /complaints/sentComplaints 159.827 ms
GET /complaints/sentComplaints 179.851 ms
GET /admins/Kadapa 91.295 ms
GET /complaints/draftComplaints 104.908 ms
GET /admins/Kadapa 71.895 ms
GET /complaints/draftComplaints 120.558 ms
PUT /complaints/send/642c85c1c259cb2d4f36231e 226.001 ms
GET /messages/sentMessages 1.320 ms
GET /messages/sentMessages 0.904 ms
GET /complaints/sentComplaints 171.584 ms
GET /complaints/sentComplaints 181.673 ms
GET /messages/sentMessages 0.543 ms
GET /complaints/sentComplaints 1.620 ms
GET /messages/sentMessages 0.700 ms
GET /complaints/sentComplaints 1.719 ms
POST /lg/register 951.349 ms
POST /lg/login 340.707 ms
GET /messages/sentMessages 3.771 ms
GET /messages/sentMessages 0.867 ms
GET /complaints/sentComplaints 191.430 ms
GET /complaints/sentComplaints 157.612 ms
GET /messages/sentMessages 0.856 ms
GET /complaints/sentComplaints 1.378 ms
POST /lg/register 619.808 ms
POST /lg/sendpasswordlink 2920.937 ms
GET /forgotpassword/642c8a5dba1571b8c3a04c17/eyJhbGciOiJIUzI1NiIsInR5cCI6IkpXVCJ9.eyJfaWQiOiI2NDJjOGE1ZGJhMTU3MWI4YzNhMDRjMTciLCJpYXQiOjE2ODA2NDA2MTYsImV4cCI6MTY4MDY0MDczNn0.4YCflaGt99YIpP3jki4GNT63MNMwjz7eiGTlDTCQIjg 0.564 ms
GET /forgotpassword/642c8a5dba1571b8c3a04c17/eyJhbGciOiJIUzI1NiIsInR5cCI6IkpXVCJ9.eyJfaWQiOiI2NDJjOGE1ZGJhMTU3MWI4YzNhMDRjMTciLCJpYXQiOjE2ODA2NDA2MTYsImV4cCI6MTY4MDY0MDczNn0.4YCflaGt99YIpP3jki4GNT63MNMwjz7eiGTlDTCQIjg 0.660 ms
POST /lg/642c8a5dba1571b8c3a04c17/eyJhbGciOiJIUzI1NiIsInR5cCI6IkpXVCJ9.eyJfaWQiOiI2NDJjOGE1ZGJhMTU3MWI4YzNhMDRjMTciLCJpYXQiOjE2ODA2NDA2MTYsImV4cCI6MTY4MDY0MDczNn0.4YCflaGt99YIpP3jki4GNT63MNMwjz7eiGTlDTCQIjg 44.893 ms
POST /lg/sendpasswordlink 2974.775 ms
GET /forgotpassword/642c8a5dba1571b8c3a04c17/eyJhbGciOiJIUzI1NiIsInR5cCI6IkpXVCJ9.eyJfaWQiOiI2NDJjOGE1ZGJhMTU3MWI4YzNhMDRjMTciLCJpYXQiOjE2ODA2NDA3NjMsImV4cCI6MTY4MDY0MDg4M30.b3AtH2xnbWMVvFNxr27zRzqykSL6R9DdGU9HcK11Otg 0.513 ms
GET /forgotpassword/642c8a5dba1571b8c3a04c17/eyJhbGciOiJIUzI1NiIsInR5cCI6IkpXVCJ9.eyJfaWQiOiI2NDJjOGE1ZGJhMTU3MWI4YzNhMDRjMTciLCJpYXQiOjE2ODA2NDA3NjMsImV4cCI6MTY4MDY0MDg4M30.b3AtH2xnbWMVvFNxr27zRzqykSL6R9DdGU9HcK11Otg 0.242 ms
POST /lg/642c8a5dba1571b8c3a04c17/eyJhbGciOiJIUzI1NiIsInR5cCI6IkpXVCJ9.eyJfaWQiOiI2NDJjOGE1ZGJhMTU3MWI4YzNhMDRjMTciLCJpYXQiOjE2ODA2NDA3NjMsImV4cCI6MTY4MDY0MDg4M30.b3AtH2xnbWMVvFNxr27zRzqykSL6R9DdGU9HcK11Otg 340.819 ms
POST /lg/login 352.512 ms
GET /messages/sentMessages 0.478 ms
GET /messages/sentMessages 0.524 ms
GET /complaints/sentComplaints 91.740 ms
GET /complaints/sentComplaints 92.310 ms
POST /lg/login 877.466 ms
GET /messages/sentMessages 1.543 ms
GET /messages/sentMessages 1.089 ms
GET /complaints/sentComplaints 152.385 ms
GET /complaints/sentComplaints 143.793 ms
GET /admins/Kadapa 65.834 ms
GET /complaints/draftComplaints 83.677 ms
GET /admins/Kadapa 45.896 ms
GET /complaints/draftComplaints 72.984 ms
DELETE /complaints/093b840f-7687-971e-6224-1b1fe5c938fc 1.270 ms
DELETE /complaints/85bdd94c-b23c-1bbf-ff0c-5b02bcfb6755 0.819 ms
GET /messages/sentMessages 0.388 ms
GET /messages/sentMessages 0.459 ms
GET /complaints/sentComplaints 135.503 ms
GET /complaints/sentComplaints 140.932 ms
GET /messages/sentMessages 0.680 ms
GET /complaints/sentComplaints 1.266 ms
GET /messages/sentMessages 0.586 ms
GET /complaints/sentComplaints 1.123 ms
POST /lg/register 573.677 ms
POST /lg/login 338.015 ms
GET /messages/sentMessages 0.885 ms
GET /messages/sentMessages 0.371 ms
GET /complaints/sentComplaints 98.857 ms
GET /complaints/sentComplaints 82.342 ms
GET /admins/Kadapa 79.205 ms
GET /complaints/draftComplaints 107.699 ms
GET /admins/Kadapa 72.382 ms
GET /complaints/draftComplaints 93.620 ms
POST /complaints/draft 211.843 ms
GET /messages/sentMessages 0.726 ms
GET /messages/sentMessages 0.526 ms
GET /complaints/sentComplaints 79.270 ms
GET /complaints/sentComplaints 82.258 ms
GET /admins/Kadapa 52.273 ms
GET /admins/Kadapa 41.546 ms
GET /complaints/draftComplaints 104.265 ms
GET /complaints/draftComplaints 84.779 ms
PUT /complaints/send/642c8d1b3d85ecf781c221ff 158.703 ms
GET /messages/sentMessages 1.043 ms
GET /messages/sentMessages 0.391 ms
GET /complaints/sentComplaints 125.070 ms
GET /complaints/sentComplaints 126.079 ms
GET /complaints/uploads/attachments-1680641328337.png 1.892 ms
GET /complaints/uploads/attachments-1680641328337.png 1.359 ms
GET /admins/Kadapa 62.540 ms
GET /complaints/draftComplaints 88.292 ms
GET /admins/Kadapa 42.087 ms
GET /complaints/draftComplaints 82.950 ms
GET /messages/sentMessages 0.461 ms
GET /messages/sentMessages 0.376 ms
GET /complaints/sentComplaints 140.665 ms
GET /complaints/sentComplaints 125.032 ms
GET /admins/Kadapa 59.932 ms
GET /complaints/draftComplaints 79.742 ms
GET /admins/Kadapa 51.119 ms
GET /complaints/draftComplaints 87.682 ms
POST /complaints/send 99.892 ms
GET /messages/sentMessages 0.470 ms
GET /messages/sentMessages 0.335 ms
GET /complaints/sentComplaints 128.530 ms
GET /complaints/sentComplaints 129.138 ms
GET /upload/undefined 0.840 ms
GET /upload/undefined 0.717 ms
GET /upload/undefined 0.930 ms
GET /upload/undefined 0.629 ms
GET /upload/undefined 0.580 ms
GET /upload/undefined 0.942 ms
GET /upload/undefined 0.646 ms
GET /upload/undefined 0.585 ms
GET /upload/undefined 0.981 ms
GET /upload/undefined 4.566 ms
GET /upload/undefined 0.642 ms
GET /upload/undefined 0.919 ms
GET /upload/undefined 0.432 ms
GET /upload/undefined 0.527 ms
GET /upload/undefined 1.132 ms
GET /upload/undefined 0.654 ms
GET /upload/undefined 0.561 ms
PUT /user/update 129.500 ms
GET /upload/undefined 1.631 ms
GET /admins/Kadapa 55.268 ms
GET /complaints/draftComplaints 70.129 ms
GET /admins/Kadapa 58.814 ms
GET /complaints/draftComplaints 80.784 ms
GET /messages/sentMessages 0.371 ms
GET /messages/sentMessages 0.502 ms
GET /complaints/sentComplaints 142.875 ms
GET /complaints/sentComplaints 125.619 ms
GET /messages/sentMessages 0.451 ms
GET /complaints/sentComplaints 0.999 ms
GET /complaints/sentComplaints 0.755 ms
GET /messages/sentMessages 0.479 ms
POST /lg/sendpasswordlink 2632.873 ms
GET /forgotpassword/642c8a5dba1571b8c3a04c17/eyJhbGciOiJIUzI1NiIsInR5cCI6IkpXVCJ9.eyJfaWQiOiI2NDJjOGE1ZGJhMTU3MWI4YzNhMDRjMTciLCJpYXQiOjE2ODA2NDE0NDgsImV4cCI6MTY4MDY0MTU2OH0.qjH1-awIxnY9jzLwtX_lf7vPp8neOESeCrP6Crt5d8U 0.296 ms
GET /forgotpassword/642c8a5dba1571b8c3a04c17/eyJhbGciOiJIUzI1NiIsInR5cCI6IkpXVCJ9.eyJfaWQiOiI2NDJjOGE1ZGJhMTU3MWI4YzNhMDRjMTciLCJpYXQiOjE2ODA2NDE0NDgsImV4cCI6MTY4MDY0MTU2OH0.qjH1-awIxnY9jzLwtX_lf7vPp8neOESeCrP6Crt5d8U 0.210 ms
POST /lg/642c8a5dba1571b8c3a04c17/eyJhbGciOiJIUzI1NiIsInR5cCI6IkpXVCJ9.eyJfaWQiOiI2NDJjOGE1ZGJhMTU3MWI4YzNhMDRjMTciLCJpYXQiOjE2ODA2NDE0NDgsImV4cCI6MTY4MDY0MTU2OH0.qjH1-awIxnY9jzLwtX_lf7vPp8neOESeCrP6Crt5d8U 336.256 ms
GET /messages/sentMessages 0.165 ms
GET /messages/sentMessages 0.155 ms
GET /complaints/sentComplaints 83.699 ms
GET /complaints/sentComplaints 84.324 ms
GET /messages/sentMessages 0.279 ms
GET /complaints/sentComplaints 2.151 ms
GET /complaints/sentComplaints 0.982 ms
GET /messages/sentMessages 0.449 ms
POST /lg/login 343.006 ms
GET /messages/sentMessages 0.391 ms
GET /messages/sentMessages 0.283 ms
GET /complaints/sentComplaints 99.152 ms
GET /complaints/sentComplaints 94.498 ms
GET /messages/sentMessages 0.291 ms
GET /complaints/sentComplaints 1.135 ms
GET /messages/sentMessages 0.261 ms
GET /complaints/sentComplaints 0.977 ms
GET /messages/sentMessages 3.949 ms
GET /complaints/sentComplaints 8.095 ms
GET /messages/sentMessages 1.584 ms
GET /complaints/sentComplaints 4.607 ms
GET /messages/sentMessages 0.307 ms
GET /complaints/sentComplaints 4.049 ms
GET /messages/sentMessages 0.388 ms
GET /complaints/sentComplaints 2.216 ms
GET /messages/sentMessages 0.517 ms
GET /complaints/sentComplaints 4.044 ms
GET /messages/sentMessages 0.416 ms
GET /complaints/sentComplaints 2.937 ms
GET /complaints/sentComplaints 3.893 ms
GET /messages/sentMessages 0.264 ms
GET /complaints/sentComplaints 4.454 ms
GET /messages/sentMessages 1.562 ms
GET /messages/sentMessages 0.569 ms
GET /complaints/sentComplaints 3.768 ms
GET /messages/sentMessages 1.098 ms
GET /complaints/sentComplaints 4.663 ms
GET /messages/sentMessages 0.334 ms
GET /complaints/sentComplaints 2.987 ms
GET /messages/sentMessages 0.630 ms
GET /complaints/sentComplaints 3.006 ms
GET /messages/sentMessages 0.669 ms
GET /complaints/sentComplaints 4.578 ms
GET /messages/sentMessages 0.807 ms
GET /complaints/sentComplaints 4.835 ms
GET /messages/sentMessages 0.729 ms
GET /complaints/sentComplaints 2.818 ms
GET /messages/sentMessages 0.453 ms
GET /complaints/sentComplaints 2.452 ms
POST /lg/login 564.851 ms
GET /messages/sentMessages 0.496 ms
GET /messages/sentMessages 0.348 ms
GET /complaints/sentComplaints 251.811 ms
GET /complaints/sentComplaints 206.696 ms
GET /admins/Kadapa 60.408 ms
GET /admins/Kadapa 54.582 ms
GET /complaints/draftComplaints 147.299 ms
GET /complaints/draftComplaints 115.830 ms
GET /messages/sentMessages 0.772 ms
GET /messages/sentMessages 0.386 ms
GET /complaints/sentComplaints 174.538 ms
GET /complaints/sentComplaints 177.449 ms
GET /messages/sentMessages 0.315 ms
GET /complaints/sentComplaints 2.711 ms
GET /messages/sentMessages 0.502 ms
GET /complaints/sentComplaints 2.223 ms
POST /lg/register 984.984 ms
POST /lg/sendpasswordlink 3534.831 ms
GET /forgotpassword/64294a158753e39c06c5dca9/eyJhbGciOiJIUzI1NiIsInR5cCI6IkpXVCJ9.eyJfaWQiOiI2NDI5NGExNTg3NTNlMzljMDZjNWRjYTkiLCJpYXQiOjE2ODA2NzI3MDIsImV4cCI6MTY4MDY3MjgyMn0.POCjHinN9qT0lti1LdTvmRAbuKnmf5SnmT3znwmK_EE 0.423 ms
GET /forgotpassword/64294a158753e39c06c5dca9/eyJhbGciOiJIUzI1NiIsInR5cCI6IkpXVCJ9.eyJfaWQiOiI2NDI5NGExNTg3NTNlMzljMDZjNWRjYTkiLCJpYXQiOjE2ODA2NzI3MDIsImV4cCI6MTY4MDY3MjgyMn0.POCjHinN9qT0lti1LdTvmRAbuKnmf5SnmT3znwmK_EE 0.322 ms
POST /lg/64294a158753e39c06c5dca9/eyJhbGciOiJIUzI1NiIsInR5cCI6IkpXVCJ9.eyJfaWQiOiI2NDI5NGExNTg3NTNlMzljMDZjNWRjYTkiLCJpYXQiOjE2ODA2NzI3MDIsImV4cCI6MTY4MDY3MjgyMn0.POCjHinN9qT0lti1LdTvmRAbuKnmf5SnmT3znwmK_EE 435.331 ms
POST /lg/login 534.018 ms
GET /messages/sentMessages 0.367 ms
GET /messages/sentMessages 0.326 ms
GET /complaints/sentComplaints 69.654 ms
GET /complaints/sentComplaints 68.646 ms
GET /messages/sentMessages 0.539 ms
GET /complaints/sentComplaints 2.694 ms
GET /messages/sentMessages 0.282 ms
GET /complaints/sentComplaints 2.371 ms
POST /lg/login 508.565 ms
GET /docs-api 0.390 ms
GET /api-docs 0.371 ms
GET /messages/sentMessages 0.377 ms
GET /messages/sentMessages 0.746 ms
GET /complaints/sentComplaints 470.317 ms
GET /complaints/sentComplaints 156.904 ms
GET /messages/sentMessages 0.715 ms
GET /messages/sentMessages 0.572 ms
GET /complaints/sentComplaints 167.012 ms
GET /complaints/sentComplaints 162.387 ms
GET /admins/Kadapa 56.905 ms
GET /admins/Kadapa 58.080 ms
GET /complaints/draftComplaints 431.650 ms
GET /complaints/draftComplaints 84.504 ms
GET /messages/sentMessages 0.257 ms
GET /messages/sentMessages 0.255 ms
GET /complaints/sentComplaints 207.560 ms
GET /complaints/sentComplaints 171.572 ms
GET /complaints/uploads/attachments-1680512051105.png 1.516 ms
GET /complaints/uploads/attachments-1680512051105.png 1.830 ms
GET /complaints/uploads/attachments-1680512051074.png 3.633 ms
GET /complaints/uploads/attachments-1680512051074.png 1.650 ms
GET /messages/sentMessages 0.688 ms
GET /messages/sentMessages 0.279 ms
GET /complaints/sentComplaints 165.782 ms
GET /complaints/sentComplaints 164.682 ms
GET /messages/sentMessages 0.308 ms
GET /messages/sentMessages 0.273 ms
GET /complaints/sentComplaints 157.286 ms
GET /complaints/sentComplaints 156.251 ms
GET /admins/Kadapa 61.413 ms
GET /complaints/draftComplaints 77.173 ms
GET /admins/Kadapa 56.793 ms
GET /complaints/draftComplaints 83.900 ms
POST /complaints/send 118.268 ms
DELETE /complaints/093b840f-7687-971e-6224-1b1fe5c938fc 0.495 ms
DELETE /complaints/3d71e319-ec2b-b79a-f8c0-d6772e409725 0.723 ms
DELETE /complaints/85bdd94c-b23c-1bbf-ff0c-5b02bcfb6755 0.432 ms
GET /messages/sentMessages 0.468 ms
GET /messages/sentMessages 0.488 ms
GET /complaints/sentComplaints 131.040 ms
GET /complaints/sentComplaints 163.041 ms
PUT /user/update 122.846 ms
GET /docs 3.571 ms
GET /docs/ 2.311 ms
GET /docs/swagger-ui-init.js 0.437 ms
GET /docs/swagger-ui.css 8.284 ms
GET /docs/swagger-ui-standalone-preset.js 5.485 ms
GET /docs/swagger-ui-bundle.js 8.312 ms
GET /docs/favicon-32x32.png 2.220 ms
POST /lg/login 546.031 ms
GET /messages/sentMessages 1.805 ms
GET /messages/sentMessages 0.906 ms
GET /complaints/sentComplaints 135.731 ms
GET /complaints/sentComplaints 136.474 ms
GET /messages/sentMessages 0.449 ms
GET /messages/sentMessages 0.371 ms
GET /complaints/sentComplaints 130.950 ms
GET /complaints/sentComplaints 131.785 ms
GET /messages/sentMessages 1.081 ms
GET /messages/sentMessages 0.298 ms
GET /complaints/sentComplaints 128.314 ms
GET /complaints/sentComplaints 145.160 ms
GET /messages/sentMessages 0.780 ms
GET /messages/sentMessages 0.384 ms
GET /complaints/sentComplaints 126.532 ms
GET /complaints/sentComplaints 125.658 ms
GET /messages/sentMessages 0.912 ms
GET /messages/sentMessages 0.474 ms
GET /complaints/sentComplaints 134.815 ms
GET /complaints/sentComplaints 128.071 ms
GET /messages/sentMessages 0.785 ms
GET /messages/sentMessages 0.963 ms
GET /complaints/sentComplaints 126.282 ms
GET /complaints/sentComplaints 132.111 ms
GET /messages/sentMessages 0.204 ms
GET /complaints/sentComplaints 1.559 ms
GET /messages/sentMessages 0.285 ms
GET /complaints/sentComplaints 1.726 ms
POST /lg/login 737.685 ms
GET /messages/sentMessages 0.308 ms
GET /messages/sentMessages 0.339 ms
GET /complaints/sentComplaints 190.077 ms
GET /complaints/sentComplaints 103.288 ms
GET /messages/sentMessages 0.323 ms
GET /complaints/sentComplaints 2.092 ms
GET /messages/sentMessages 0.138 ms
GET /complaints/sentComplaints 1.791 ms
POST /lg/login 342.002 ms
POST /lg/login 321.249 ms
POST /lg/login 368.204 ms
GET /messages/sentMessages 0.365 ms
GET /messages/sentMessages 0.218 ms
GET /complaints/sentComplaints 551.492 ms
GET /complaints/sentComplaints 156.320 ms
GET /complaints/uploads/attachments-1680512051105.png 1.611 ms
GET /complaints/uploads/attachments-1680512051105.png 4.732 ms
GET /complaints/uploads/attachments-1680512051074.png 3.933 ms
GET /complaints/uploads/attachments-1680512051074.png 2.923 ms
GET /messages/sentMessages 0.218 ms
GET /messages/sentMessages 0.654 ms
GET /complaints/sentComplaints 182.274 ms
GET /complaints/sentComplaints 190.033 ms
GET /complaints/uploads/attachments-1680531689730.jpg 1.306 ms
GET /complaints/uploads/attachments-1680531689730.jpg 0.524 ms
GET /messages/sentMessages 0.492 ms
GET /messages/sentMessages 0.519 ms
GET /complaints/sentComplaints 174.607 ms
GET /complaints/sentComplaints 164.002 ms
POST /lg/login 758.027 ms
POST /lg/login 1165.705 ms
GET /messages/sentMessages 2.727 ms
GET /messages/sentMessages 1.178 ms
GET /complaints/sentComplaints 693.458 ms
GET /complaints/sentComplaints 200.829 ms
GET /messages/sentMessages 1.309 ms
GET /complaints/sentComplaints 3.836 ms
GET /messages/sentMessages 0.518 ms
GET /complaints/sentComplaints 2.029 ms
POST /lg/login 1030.359 ms
GET /messages/sentMessages 0.218 ms
GET /messages/sentMessages 0.197 ms
GET /complaints/sentComplaints 88.929 ms
GET /complaints/sentComplaints 88.976 ms
GET /complaints/deptComplaints/undefined 0.633 ms
GET /complaints/deptComplaints/undefined 0.802 ms
GET /complaints/deptComplaints/undefined 2.502 ms
GET /complaints/deptComplaints/undefined 0.252 ms
GET /complaints/deptComplaints/road%20department 0.799 ms
GET /complaints/deptComplaints/road%20department 0.292 ms
GET /complaints/deptComplaints/road%20department 0.225 ms
GET /complaints/deptComplaints/road%20department 0.748 ms
GET /complaints/deptComplaints/road%20department 0.250 ms
GET /complaints/deptComplaints/road%20department 0.790 ms
GET /complaints/deptComplaints/road%20department 3.243 ms
GET /complaints/deptComplaints/road%20department 1.397 ms
GET /complaints/deptComplaints 0.384 ms
GET /complaints/deptComplaints 0.529 ms
GET /complaints/deptComplaints 0.296 ms
GET /complaints/deptComplaints 65.883 ms
GET /complaints/deptComplaints 50.689 ms
GET /complaints/deptComplaints 54.162 ms
GET /complaints/deptComplaints 51.530 ms
GET /complaints/deptComplaints 98.465 ms
GET /complaints/deptComplaints 73.151 ms
GET /complaints/deptComplaints 129.979 ms
GET /complaints/deptComplaints 115.515 ms
GET /complaints/deptComplaints 362.180 ms
GET /complaints/deptComplaints 86.860 ms
POST /lg/login 354.852 ms
GET /complaints/deptComplaints 132.999 ms
GET /complaints/deptComplaints 185.406 ms
GET /complaints/deptComplaints 97.956 ms
GET /complaints/deptComplaints 84.130 ms
GET /complaints/deptComplaints 145.893 ms
GET /complaints/deptComplaints 179.873 ms
GET /messages/sentMessages 2.158 ms
GET /complaints/sentComplaints 1.673 ms
GET /messages/sentMessages 1.265 ms
GET /complaints/sentComplaints 1.867 ms
POST /lg/login 440.474 ms
GET /messages/sentMessages 0.600 ms
GET /messages/sentMessages 0.604 ms
GET /complaints/sentComplaints 198.475 ms
GET /complaints/sentComplaints 228.656 ms
GET /admins/Kadapa 86.756 ms
GET /complaints/draftComplaints 129.088 ms
GET /admins/Kadapa 83.106 ms
GET /complaints/draftComplaints 107.402 ms
PUT /complaints/send/642c7a467ec548322f79bda2 176.604 ms
GET /messages/sentMessages 0.394 ms
GET /messages/sentMessages 0.350 ms
GET /complaints/sentComplaints 175.148 ms
GET /complaints/sentComplaints 229.211 ms
GET /messages/sentMessages 0.327 ms
GET /messages/sentMessages 0.414 ms
GET /complaints/sentComplaints 236.817 ms
GET /complaints/sentComplaints 231.164 ms
GET /complaints/deptComplaints 172.022 ms
GET /complaints/deptComplaints 175.751 ms
GET /complaints/deptComplaints 204.889 ms
GET /complaints/deptComplaints 177.285 ms
GET /complaints/deptComplaints 165.124 ms
GET /complaints/deptComplaints 187.880 ms
GET /complaints/deptComplaints 166.793 ms
GET /complaints/deptComplaints 179.173 ms
GET /complaints/deptComplaints 177.436 ms
GET /complaints/deptComplaints 181.693 ms
GET /complaints/deptComplaints 165.388 ms
GET /complaints/deptComplaints 173.025 ms
GET /complaints/deptComplaints 206.177 ms
GET /complaints/deptComplaints 191.604 ms
GET /admins/Kadapa 75.495 ms
GET /complaints/draftComplaints 104.986 ms
GET /admins/Kadapa 81.117 ms
GET /complaints/draftComplaints 101.980 ms
GET /messages/sentMessages 1.378 ms
GET /messages/sentMessages 0.596 ms
GET /complaints/sentComplaints 385.143 ms
GET /complaints/sentComplaints 237.489 ms
GET /messages/sentMessages 0.554 ms
GET /messages/sentMessages 0.335 ms
GET /complaints/sentComplaints 228.410 ms
GET /complaints/sentComplaints 222.951 ms
GET /admins/Kadapa 93.825 ms
GET /complaints/draftComplaints 132.827 ms
GET /admins/Kadapa 143.814 ms
GET /complaints/draftComplaints 208.142 ms
GET /messages/sentMessages 0.833 ms
GET /messages/sentMessages 0.217 ms
GET /complaints/sentComplaints 185.411 ms
GET /complaints/sentComplaints 224.452 ms
GET /complaints/deptComplaints 177.804 ms
GET /complaints/deptComplaints 161.964 ms
GET /complaints/deptComplaints 183.834 ms
GET /complaints/deptComplaints 166.962 ms
GET /complaints/deptComplaints 436.003 ms
GET /complaints/deptComplaints 120.573 ms
GET /messages/sentMessages 5.657 ms
GET /messages/sentMessages 0.667 ms
GET /complaints/sentComplaints 203.540 ms
GET /complaints/sentComplaints 178.198 ms
GET /complaints/uploads/attachments-1680512051105.png 3.544 ms
GET /complaints/uploads/attachments-1680512051105.png 3.575 ms
GET /complaints/uploads/attachments-1680512051074.png 7.403 ms
GET /complaints/uploads/attachments-1680512051074.png 2.874 ms
PUT /complaints/resolveComplaint/642a938219e22e6952433f46 0.520 ms
GET /messages/sentMessages 0.341 ms
GET /complaints/sentComplaints 145.317 ms
GET /complaints/uploads/attachments-1680512051105.png 1.453 ms
GET /complaints/uploads/attachments-1680512051105.png 2.378 ms
GET /complaints/uploads/attachments-1680512051074.png 2.360 ms
GET /complaints/uploads/attachments-1680512051074.png 2.902 ms
PUT /complaints/resolveComplaint/642a938219e22e6952433f46 1.135 ms
GET /messages/sentMessages 0.402 ms
GET /complaints/sentComplaints 163.796 ms
GET /complaints/uploads/attachments-1680512051105.png 1.385 ms
GET /complaints/uploads/attachments-1680512051105.png 1.411 ms
GET /complaints/uploads/attachments-1680512051074.png 2.502 ms
GET /complaints/uploads/attachments-1680512051074.png 2.038 ms
PUT /complaints/resolveComplaint/642a938219e22e6952433f46 0.235 ms
PUT /complaints/resolveComplaint/642a938219e22e6952433f46 2.147 ms
GET /messages/sentMessages 1.726 ms
GET /complaints/sentComplaints 1335.712 ms
GET /messages/sentMessages 0.561 ms
GET /messages/sentMessages 0.880 ms
GET /complaints/sentComplaints 2189.314 ms
GET /complaints/sentComplaints 1353.405 ms
GET /complaints/uploads/attachments-1680512051105.png 2.264 ms
GET /complaints/uploads/attachments-1680512051105.png 1.900 ms
GET /complaints/uploads/attachments-1680512051074.png 4.398 ms
GET /complaints/uploads/attachments-1680512051074.png 1.801 ms
PUT /complaints/resolveComplaint/642a938219e22e6952433f46 0.640 ms
PUT /complaints/resolveComplaint/642a938219e22e6952433f46 5883.030 ms
GET /complaints/deptComplaints 319.364 ms
GET /complaints/deptComplaints 143.030 ms
GET /complaints/deptComplaints 536.882 ms
GET /complaints/deptComplaints 464.995 ms
GET /complaints/deptComplaints 378.211 ms
GET /complaints/deptComplaints 97.258 ms
GET /complaints/deptComplaints 133.534 ms
GET /complaints/deptComplaints 135.644 ms
GET /messages/sentMessages 1.410 ms
GET /messages/sentMessages 1.397 ms
GET /complaints/sentComplaints 393.368 ms
GET /complaints/sentComplaints 136.325 ms
GET /messages/sentMessages 0.395 ms
GET /messages/sentMessages 0.208 ms
GET /complaints/sentComplaints 148.916 ms
GET /complaints/sentComplaints 148.083 ms
GET /messages/sentMessages 0.223 ms
GET /messages/sentMessages 0.162 ms
GET /complaints/sentComplaints 150.154 ms
GET /complaints/sentComplaints 158.329 ms
PUT /upload/profilepic 124.474 ms
PUT /upload/profilepic 111.956 ms
PUT /upload/profilepic 115.917 ms
PUT /upload/profilepic 120.651 ms
PUT /upload/profilepic 114.307 ms
PUT /upload/profilepic 111.017 ms
PUT /user/update 146.673 ms
PUT /upload/profilepic 112.574 ms
PUT /upload/profilepic 110.748 ms
GET /admins/Kadapa 60.322 ms
GET /complaints/draftComplaints 92.065 ms
GET /admins/Kadapa 50.510 ms
GET /complaints/draftComplaints 101.423 ms
GET /messages/sentMessages 0.201 ms
GET /messages/sentMessages 0.203 ms
GET /complaints/sentComplaints 132.225 ms
GET /complaints/sentComplaints 139.789 ms
GET /admins/Kadapa 61.020 ms
GET /complaints/draftComplaints 91.761 ms
GET /admins/Kadapa 48.176 ms
GET /complaints/draftComplaints 86.438 ms
GET /messages/sentMessages 0.280 ms
GET /messages/sentMessages 0.179 ms
GET /complaints/sentComplaints 131.731 ms
GET /complaints/sentComplaints 148.945 ms
GET /complaints/uploads/attachments-1680512051105.png 7.848 ms
GET /complaints/uploads/attachments-1680512051105.png 1.532 ms
GET /complaints/uploads/attachments-1680512051074.png 8.302 ms
GET /complaints/uploads/attachments-1680512051074.png 1.914 ms
PUT /complaints/resolveComplaint/642a938219e22e6952433f46 478.710 ms
GET /messages/sentMessages 0.289 ms
GET /messages/sentMessages 0.578 ms
GET /complaints/sentComplaints 419.846 ms
GET /complaints/sentComplaints 137.609 ms
GET /messages/sentMessages 0.187 ms
GET /messages/sentMessages 0.228 ms
GET /complaints/sentComplaints 192.874 ms
GET /complaints/sentComplaints 167.286 ms
GET /messages/sentMessages 0.192 ms
GET /messages/sentMessages 0.125 ms
GET /complaints/sentComplaints 447.412 ms
GET /complaints/sentComplaints 217.714 ms
GET /messages/sentMessages 0.233 ms
GET /messages/sentMessages 0.122 ms
GET /complaints/sentComplaints 188.678 ms
GET /complaints/sentComplaints 240.205 ms
GET /messages/sentMessages 0.211 ms
GET /messages/sentMessages 0.244 ms
GET /complaints/sentComplaints 158.474 ms
GET /complaints/sentComplaints 166.152 ms
GET /messages/sentMessages 0.176 ms
GET /messages/sentMessages 0.152 ms
GET /complaints/sentComplaints 176.568 ms
GET /complaints/sentComplaints 165.735 ms
GET /messages/sentMessages 0.467 ms
GET /messages/sentMessages 0.213 ms
GET /complaints/sentComplaints 680.777 ms
GET /complaints/sentComplaints 343.721 ms
GET /messages/sentMessages 0.159 ms
GET /messages/sentMessages 0.320 ms
GET /complaints/sentComplaints 585.514 ms
GET /complaints/sentComplaints 421.780 ms
GET /messages/sentMessages 0.140 ms
GET /messages/sentMessages 0.223 ms
GET /complaints/sentComplaints 451.355 ms
GET /complaints/sentComplaints 491.511 ms
GET /messages/sentMessages 0.202 ms
GET /messages/sentMessages 0.306 ms
GET /complaints/sentComplaints 1203.669 ms
GET /complaints/sentComplaints 1472.452 ms
PUT /complaints/resolveComplaint/642c69f43f2959680bc86f4b 1179.728 ms
GET /admins/Kadapa 56.634 ms
GET /complaints/draftComplaints 91.277 ms
GET /admins/Kadapa 51.060 ms
GET /complaints/draftComplaints 80.049 ms
GET /messages/sentMessages 0.192 ms
GET /messages/sentMessages 0.169 ms
GET /complaints/sentComplaints 636.028 ms
GET /complaints/sentComplaints 593.656 ms
GET /complaints/uploads/attachments-1680512051105.png 0.796 ms
GET /complaints/uploads/attachments-1680512051105.png 1.706 ms
GET /complaints/uploads/attachments-1680512051074.png 1.329 ms
GET /complaints/uploads/attachments-1680512051074.png 1.877 ms
GET /complaints/uploads/attachments-1680531689730.jpg 1.002 ms
GET /complaints/uploads/attachments-1680531689730.jpg 0.537 ms
PUT /complaints/resolveComplaint/642ae0ea619a05fc465b3d78 194.902 ms
GET /messages/sentMessages 0.321 ms
GET /complaints/sentComplaints 881.001 ms
GET /complaints/uploads/attachments-1680548403391.png 0.985 ms
GET /complaints/uploads/attachments-1680548403391.png 0.725 ms
PUT /complaints/resolveComplaint/642a957419e22e6952433f7c 223.863 ms
GET /messages/sentMessages 0.376 ms
GET /messages/sentMessages 0.298 ms
GET /complaints/sentComplaints 4601.495 ms
GET /complaints/sentComplaints 704.316 ms
GET /messages/sentMessages 0.422 ms
GET /messages/sentMessages 0.248 ms
GET /complaints/sentComplaints 773.215 ms
GET /complaints/sentComplaints 601.255 ms
PUT /complaints/resolveComplaint/642c7a467ec548322f79bda2 1895.418 ms
GET /messages/sentMessages 0.456 ms
GET /messages/sentMessages 0.510 ms
GET /complaints/sentComplaints 607.164 ms
GET /complaints/sentComplaints 572.750 ms
GET /messages/sentMessages 0.249 ms
GET /messages/sentMessages 0.202 ms
GET /complaints/sentComplaints 485.438 ms
GET /complaints/sentComplaints 497.529 ms
GET /complaints/uploads/attachments-1680673028167.png 8.502 ms
GET /complaints/uploads/attachments-1680673028167.png 2.132 ms
PUT /complaints/resolveComplaint/642d090491260075088cf569 690.595 ms
GET /admins/Kadapa 282.457 ms
GET /complaints/draftComplaints 364.597 ms
GET /admins/Kadapa 116.388 ms
GET /complaints/draftComplaints 395.474 ms
PUT /complaints/send/642c85b97ec548322f79bf9f 791.904 ms
GET /messages/sentMessages 0.328 ms
GET /messages/sentMessages 0.382 ms
GET /complaints/sentComplaints 932.821 ms
GET /complaints/sentComplaints 715.340 ms
GET /complaints/uploads/attachments-1682233453911.jpeg 1.214 ms
GET /complaints/uploads/attachments-1682233453911.jpeg 0.790 ms
GET /complaints/deptComplaints 174.080 ms
GET /complaints/deptComplaints 433.664 ms
GET /complaints/deptComplaints 425.081 ms
GET /complaints/deptComplaints 607.416 ms
PUT /complaints/resolveComplaint/642c85b97ec548322f79bf9f 282.929 ms
GET /messages/sentMessages 0.296 ms
GET /messages/sentMessages 0.391 ms
GET /complaints/sentComplaints 447.010 ms
GET /complaints/sentComplaints 525.904 ms
GET /messages/sentMessages 0.425 ms
GET /complaints/sentComplaints 261.479 ms
GET /messages/sentMessages 0.253 ms
GET /complaints/sentComplaints 864.109 ms
GET /messages/sentMessages 0.415 ms
GET /complaints/sentComplaints 531.359 ms
GET /messages/sentMessages 0.782 ms
GET /messages/sentMessages 0.256 ms
GET /complaints/sentComplaints 577.198 ms
GET /complaints/sentComplaints 206.807 ms
GET /complaints/uploads/attachments-1680531758826.jpg 1.529 ms
GET /complaints/uploads/attachments-1680531758826.jpg 0.914 ms
PUT /complaints/resolveComplaint/642ae12f619a05fc465b3d97 306.082 ms
GET /admins/Kadapa 286.109 ms
GET /complaints/draftComplaints 383.098 ms
GET /admins/Kadapa 143.185 ms
GET /complaints/draftComplaints 181.393 ms
GET /messages/sentMessages 1.231 ms
GET /messages/sentMessages 0.432 ms
GET /complaints/sentComplaints 392.232 ms
GET /complaints/sentComplaints 270.086 ms
PUT /complaints/resolveComplaint/642c73baa8c2a228aa53fd74 451.688 ms
GET /messages/sentMessages 0.462 ms
GET /complaints/sentComplaints 223.500 ms
GET /messages/sentMessages 0.434 ms
GET /complaints/sentComplaints 630.548 ms
GET /admins/Kadapa 84.807 ms
GET /complaints/draftComplaints 107.447 ms
GET /admins/Kadapa 59.975 ms
GET /complaints/draftComplaints 105.897 ms
GET /messages/sentMessages 0.609 ms
GET /messages/sentMessages 2.287 ms
GET /complaints/sentComplaints 176.349 ms
GET /complaints/sentComplaints 428.450 ms
GET /admins/Kadapa 72.990 ms
GET /complaints/draftComplaints 269.007 ms
GET /admins/Kadapa 221.617 ms
GET /complaints/draftComplaints 154.183 ms
PUT /complaints/send/642c85ff7ec548322f79bfa9 392.396 ms
GET /messages/sentMessages 0.342 ms
GET /messages/sentMessages 0.324 ms
GET /complaints/sentComplaints 574.492 ms
GET /complaints/sentComplaints 205.310 ms
GET /complaints/uploads/attachments-1682233968319.jpeg 1.576 ms
GET /complaints/uploads/attachments-1682233968319.jpeg 3.431 ms
GET /complaints/uploads/attachments-1682233968320.jpg 2.414 ms
GET /complaints/uploads/attachments-1682233968320.jpg 2.252 ms
PUT /complaints/resolveComplaint/642c85ff7ec548322f79bfa9 264.632 ms
GET /complaints/uploads/attachments-1682233968319.jpeg 1.746 ms
GET /complaints/uploads/attachments-1682233968320.jpg 1.412 ms
GET /complaints/uploads/attachments-1682233968319.jpeg 1.730 ms
GET /complaints/uploads/attachments-1682233968320.jpg 1.571 ms
GET /messages/sentMessages 0.251 ms
GET /messages/sentMessages 0.133 ms
GET /complaints/sentComplaints 448.102 ms
GET /complaints/sentComplaints 777.758 ms
GET /messages/sentMessages 4.248 ms
GET /messages/sentMessages 0.884 ms
GET /complaints/sentComplaints 1503.409 ms
GET /complaints/sentComplaints 342.723 ms
GET /complaints/uploads/attachments-1680532248760.jpg 3.198 ms
GET /complaints/uploads/attachments-1680532248760.jpg 1.484 ms
PUT /complaints/resolveComplaint/642ae319619a05fc465b3de1 629.186 ms
GET /complaints/deptComplaints 315.699 ms
GET /complaints/deptComplaints 493.792 ms
GET /complaints/deptComplaints 595.541 ms
GET /complaints/deptComplaints 495.389 ms
GET /messages/sentMessages 3.761 ms
GET /messages/sentMessages 0.832 ms
GET /complaints/sentComplaints 444.074 ms
GET /complaints/sentComplaints 382.693 ms
GET /complaints/uploads/attachments-1680532055391.jpg 2.415 ms
GET /complaints/uploads/attachments-1680532055391.jpg 2.663 ms
PUT /complaints/resolveComplaint/642ae257619a05fc465b3db6 950.228 ms
GET /messages/sentMessages 2.952 ms
GET /messages/sentMessages 0.809 ms
GET /complaints/sentComplaints 424.544 ms
GET /complaints/sentComplaints 470.751 ms
PUT /complaints/resolveComplaint/642c73d5a8c2a228aa53fd7d 280.226 ms
GET /admins/Kadapa 238.024 ms
GET /complaints/draftComplaints 293.280 ms
GET /admins/Kadapa 54.219 ms
GET /complaints/draftComplaints 98.334 ms
POST /complaints/draft 649.015 ms
PUT /complaints/send/6444dd4d6aab2a0b1600d426 445.583 ms
GET /messages/sentMessages 3.434 ms
GET /messages/sentMessages 0.783 ms
GET /complaints/sentComplaints 253.143 ms
GET /complaints/sentComplaints 465.921 ms
GET /complaints/uploads/attachments-1682234715329.jpeg 4.476 ms
GET /complaints/uploads/attachments-1682234715329.jpeg 1.498 ms
PUT /complaints/resolveComplaint/6444dd4d6aab2a0b1600d426 418.134 ms
GET /admins/Kadapa 75.613 ms
GET /complaints/draftComplaints 108.516 ms
GET /admins/Kadapa 70.667 ms
GET /complaints/draftComplaints 103.822 ms
POST /complaints/draft 292.551 ms
PUT /complaints/send/6444ddbc6aab2a0b1600d4ab 394.564 ms
GET /messages/sentMessages 0.775 ms
GET /messages/sentMessages 0.425 ms
GET /complaints/sentComplaints 1622.919 ms
GET /complaints/sentComplaints 427.189 ms
GET /complaints/uploads/attachments-1682234823232.jpg 0.952 ms
GET /complaints/uploads/attachments-1682234823232.jpg 1.294 ms
PUT /complaints/resolveComplaint/6444ddbc6aab2a0b1600d4ab 524.242 ms
PUT /complaints/resolveComplaint/6444ddbc6aab2a0b1600d4ab 571.965 ms
GET /complaints/uploads/attachments-1682233453911.jpeg 4.858 ms
GET /complaints/uploads/attachments-1682233453911.jpeg 1.291 ms
GET /complaints/deptComplaints 509.539 ms
GET /complaints/deptComplaints 177.208 ms
GET /complaints/deptComplaints 174.325 ms
GET /complaints/deptComplaints 177.804 ms
GET /complaints/deptComplaints 168.443 ms
GET /complaints/deptComplaints 153.204 ms
GET /complaints/deptComplaints 165.617 ms
GET /complaints/deptComplaints 148.082 ms
GET /complaints/deptComplaints 244.998 ms
GET /complaints/deptComplaints 203.650 ms
GET /complaints/deptComplaints 191.012 ms
GET /complaints/deptComplaints 261.877 ms
GET /complaints/deptComplaints 239.658 ms
GET /complaints/deptComplaints 190.005 ms
GET /complaints/deptComplaints 210.641 ms
GET /complaints/deptComplaints 201.779 ms
GET /complaints/deptComplaints 192.299 ms
GET /complaints/deptComplaints 196.179 ms
GET /complaints/deptComplaints 172.045 ms
GET /complaints/deptComplaints 172.859 ms
GET /complaints/deptComplaints 172.164 ms
GET /complaints/deptComplaints 172.692 ms
GET /complaints/deptComplaints 504.887 ms
GET /complaints/deptComplaints 167.641 ms
GET /complaints/deptComplaints 197.027 ms
GET /complaints/deptComplaints 172.907 ms
GET /complaints/deptComplaints 185.447 ms
GET /complaints/deptComplaints 457.304 ms
GET /complaints/deptComplaints 185.244 ms
GET /complaints/deptComplaints 198.658 ms
GET /complaints/deptComplaints 210.581 ms
GET /complaints/deptComplaints 242.938 ms
GET /complaints/deptComplaints 436.884 ms
GET /complaints/uploads/attachments-1680438407854.png 7.909 ms
GET /complaints/uploads/attachments-1680438407854.png 0.779 ms
GET /complaints/uploads/attachments-1680438407854.png 0.668 ms
GET /complaints/uploads/attachments-1680438407854.png 0.792 ms
GET /complaints/uploads/attachments-1680531689730.jpg 1.391 ms
GET /complaints/uploads/attachments-1680531689730.jpg 0.442 ms
GET /complaints/uploads/attachments-1682233968319.jpeg 1.663 ms
GET /complaints/uploads/attachments-1682233968319.jpeg 2.080 ms
GET /complaints/uploads/attachments-1682233968320.jpg 1.743 ms
GET /complaints/uploads/attachments-1682233968320.jpg 1.567 ms
GET /complaints/deptComplaints 191.718 ms
GET /complaints/deptComplaints 187.963 ms
GET /complaints/deptComplaints 186.799 ms
GET /complaints/deptComplaints 216.738 ms
GET /complaints/deptComplaints 202.430 ms
GET /complaints/deptComplaints 154.635 ms
GET /complaints/deptComplaints 159.313 ms
GET /complaints/uploads/attachments-1680673028167.png 1.934 ms
GET /complaints/uploads/attachments-1680673028167.png 1.663 ms
GET /complaints/uploads/attachments-1680438407854.png 1.380 ms
GET /complaints/uploads/attachments-1680438407854.png 0.710 ms
GET /complaints/uploads/attachments-1680438407854.png 1.047 ms
GET /complaints/uploads/attachments-1680438407854.png 0.659 ms
GET /complaints/uploads/attachments-1680438407854.png 1.329 ms
GET /complaints/uploads/attachments-1680438407854.png 0.652 ms
GET /complaints/uploads/attachments-1680438407854.png 0.583 ms
GET /complaints/uploads/attachments-1680438407854.png 0.745 ms
GET /complaints/uploads/attachments-1680531758826.jpg 0.624 ms
GET /complaints/uploads/attachments-1680531758826.jpg 0.494 ms
GET /complaints/deptComplaints 509.208 ms
GET /complaints/deptComplaints 169.808 ms
GET /complaints/uploads/attachments-1680548403391.png 1.032 ms
GET /complaints/uploads/attachments-1680548403391.png 0.592 ms
GET /complaints/uploads/attachments-1680438407854.png 0.716 ms
GET /complaints/uploads/attachments-1680438407854.png 1.458 ms
GET /complaints/uploads/attachments-1680438407854.png 1.128 ms
GET /complaints/uploads/attachments-1680438407854.png 0.729 ms
GET /complaints/uploads/attachments-1680548403391.png 0.893 ms
GET /complaints/uploads/attachments-1680548403391.png 0.879 ms
GET /complaints/deptComplaints 206.320 ms
GET /complaints/deptComplaints 193.983 ms
GET /complaints/uploads/attachments-1680438407854.png 1.105 ms
GET /complaints/uploads/attachments-1680438407854.png 1.161 ms
GET /complaints/uploads/attachments-1680438407854.png 0.693 ms
GET /complaints/uploads/attachments-1680438407854.png 0.679 ms
GET /complaints/deptComplaints 6.017 ms
GET /complaints/deptComplaints 2.028 ms
GET /complaints/deptComplaints 0.718 ms
GET /complaints/deptComplaints 0.864 ms
GET /complaints/deptComplaints 0.874 ms
GET /complaints/deptComplaints 0.868 ms
POST /lg/login 417.556 ms
GET /messages/sentMessages 2.362 ms
GET /messages/sentMessages 0.328 ms
GET /complaints/sentComplaints 266.006 ms
GET /complaints/sentComplaints 179.376 ms
GET /admins/Kadapa 42.670 ms
GET /complaints/draftComplaints 88.593 ms
GET /admins/Kadapa 47.356 ms
GET /complaints/draftComplaints 84.490 ms
GET /messages/sentMessages 0.225 ms
GET /messages/sentMessages 0.361 ms
GET /complaints/sentComplaints 152.526 ms
GET /complaints/sentComplaints 141.795 ms
GET /messages/sentMessages 0.168 ms
GET /complaints/sentComplaints 128.237 ms
GET /messages/sentMessages 0.278 ms
GET /messages/sentMessages 0.171 ms
GET /complaints/sentComplaints 347.590 ms
GET /complaints/sentComplaints 172.065 ms
GET /complaints/uploads/attachments-1682234823232.jpg 1.935 ms
GET /complaints/uploads/attachments-1682234823232.jpg 1.871 ms
GET /complaints/uploads/attachments-1682234823232.jpg 1.317 ms
GET /complaints/uploads/attachments-1682234823232.jpg 0.638 ms
GET /messages/sentMessages 0.601 ms
GET /complaints/sentComplaints 152.515 ms
GET /messages/sentMessages 0.644 ms
GET /messages/sentMessages 0.286 ms
GET /complaints/sentComplaints 151.995 ms
GET /complaints/sentComplaints 157.356 ms
GET /messages/sentMessages 0.360 ms
GET /messages/sentMessages 0.277 ms
GET /complaints/sentComplaints 154.719 ms
GET /complaints/sentComplaints 169.827 ms
GET /lg/validuser 773.490 ms
GET /lg/validuser 984.570 ms
GET /lg/validuser 933.806 ms
GET /lg/validuser 1128.908 ms
POST /complaints/send 66.060 ms
GET /lg/validuser 836.642 ms
POST /complaints/send 51.189 ms
GET /lg/validuser 844.438 ms
POST /complaints/send 119.984 ms
GET /lg/validuser 1409.082 ms
POST /complaints/send 261.537 ms
POST /lg/register 39.945 ms
POST /lg/register 31.014 ms
POST /lg/register 33.369 ms
POST /lg/register 26.501 ms
POST /lg/register 30.428 ms
POST /lg/register 27.262 ms
POST /lg/register 34.216 ms
POST /lg/register 265.103 ms
POST /lg/register 216.284 ms
POST /lg/register 644.078 ms
POST /lg/register 206.531 ms
POST /lg/register 67.615 ms
POST /lg/register 745.373 ms
POST /lg/register 73.016 ms
POST /lg/register 675.181 ms
POST /lg/register 60.485 ms
POST /lg/register 38.950 ms
POST /lg/register 84.172 ms
POST /lg/register 63.704 ms
POST /lg/register 136.486 ms
POST /lg/register 299.468 ms
POST /lg/register 147.130 ms
POST /lg/register 591.049 ms
POST /lg/login 353.230 ms
GET /messages/sentMessages 1.617 ms
GET /messages/sentMessages 0.783 ms
GET /complaints/sentComplaints 524.501 ms
GET /complaints/sentComplaints 103.967 ms
GET /admins/Kadapa 116.451 ms
GET /complaints/draftComplaints 336.205 ms
GET /admins/Kadapa 231.713 ms
GET /complaints/draftComplaints 65.212 ms
GET /messages/sentMessages 0.190 ms
GET /messages/sentMessages 0.250 ms
GET /complaints/sentComplaints 66.632 ms
GET /complaints/sentComplaints 72.842 ms
POST /lg/register 1139.148 ms
POST /lg/login 552.663 ms
POST /lg/login - ms
POST /lg/login - ms
GET /messages/sentMessages 0.338 ms
GET /messages/sentMessages 0.207 ms
GET /complaints/sentComplaints 313.912 ms
GET /complaints/sentComplaints 226.699 ms
GET /admins/Kadapa 61.116 ms
GET /admins/Kadapa 29.613 ms
GET /complaints/draftComplaints 99.755 ms
GET /complaints/draftComplaints 73.982 ms
POST /complaints/send 178.139 ms
GET /messages/sentMessages 0.268 ms
GET /messages/sentMessages 0.335 ms
GET /complaints/sentComplaints 207.140 ms
GET /complaints/sentComplaints 220.270 ms
GET /complaints/uploads/attachments-1682624323916.jpeg 1.730 ms
GET /complaints/uploads/attachments-1682624323916.jpeg 0.898 ms
GET /upload/undefined 0.834 ms
GET /upload/undefined 0.509 ms
GET /upload/undefined 0.572 ms
GET /messages/sentMessages 0.439 ms
GET /messages/sentMessages 0.334 ms
GET /complaints/sentComplaints 377.871 ms
GET /complaints/sentComplaints 847.013 ms
GET /upload/undefined 0.582 ms
GET /upload/undefined 0.308 ms
GET /upload/undefined 0.632 ms
GET /admins/Kadapa 444.577 ms
GET /complaints/draftComplaints 848.946 ms
GET /admins/Kadapa 453.664 ms
GET /complaints/draftComplaints 1353.714 ms
POST /complaints/send 1132.819 ms
GET /messages/sentMessages 0.216 ms
GET /messages/sentMessages 0.278 ms
GET /complaints/sentComplaints 1201.774 ms
GET /complaints/sentComplaints 982.755 ms
GET /complaints/uploads/attachments-1682624422296.jpeg 0.703 ms
GET /complaints/uploads/attachments-1682624422296.jpeg 0.534 ms
GET /messages/sentMessages 0.348 ms
GET /messages/sentMessages 0.188 ms
GET /complaints/sentComplaints 770.212 ms
GET /complaints/sentComplaints 1182.338 ms
GET /complaints/uploads/attachments-1682624323916.jpeg 0.962 ms
GET /complaints/uploads/attachments-1682624323916.jpeg 0.638 ms
GET /messages/sentMessages 0.206 ms
GET /messages/sentMessages 0.163 ms
GET /complaints/sentComplaints 1164.528 ms
GET /complaints/sentComplaints 726.666 ms
GET /messages/sentMessages 2.652 ms
GET /messages/sentMessages 0.754 ms
GET /complaints/sentComplaints 157.240 ms
GET /complaints/sentComplaints 133.863 ms
GET /messages/sentMessages 0.627 ms
GET /messages/sentMessages 0.538 ms
GET /complaints/sentComplaints 139.516 ms
GET /complaints/sentComplaints 148.904 ms
GET /admins/Kadapa 40.281 ms
GET /complaints/draftComplaints 77.047 ms
GET /admins/Kadapa 43.371 ms
GET /complaints/draftComplaints 77.937 ms
GET /messages/sentMessages 0.689 ms
GET /messages/sentMessages 0.267 ms
GET /complaints/sentComplaints 119.323 ms
GET /complaints/sentComplaints 136.823 ms
GET /messages/sentMessages 0.359 ms
GET /complaints/sentComplaints 132.778 ms
GET /messages/sentMessages 0.327 ms
GET /complaints/sentComplaints 312.506 ms
GET /messages/sentMessages 1.780 ms
GET /complaints/sentComplaints 268.254 ms
GET /messages/sentMessages 0.301 ms
GET /complaints/sentComplaints 125.157 ms
GET /upload/undefined 1.598 ms
GET /upload/undefined 0.717 ms
GET /upload/undefined 0.674 ms
GET /messages/sentMessages 0.558 ms
GET /complaints/sentComplaints 124.627 ms
GET /upload/undefined 0.633 ms
GET /upload/undefined 0.554 ms
GET /upload/undefined 0.970 ms
GET /messages/sentMessages 0.716 ms
GET /complaints/sentComplaints 377.806 ms
GET /messages/sentMessages 0.372 ms
GET /complaints/sentComplaints 202.775 ms
GET /messages/sentMessages 0.520 ms
GET /complaints/sentComplaints 165.738 ms
GET /messages/sentMessages 1.250 ms
GET /messages/sentMessages 0.239 ms
GET /complaints/sentComplaints 128.574 ms
GET /complaints/sentComplaints 129.767 ms
GET /messages/sentMessages 0.543 ms
GET /complaints/sentComplaints 141.766 ms
GET /messages/sentMessages 0.492 ms
GET /messages/sentMessages 0.382 ms
GET /complaints/sentComplaints 122.084 ms
GET /complaints/sentComplaints 140.355 ms
GET /messages/sentMessages 0.500 ms
GET /complaints/sentComplaints 187.068 ms
GET /messages/sentMessages 0.210 ms
GET /messages/sentMessages 0.433 ms
GET /complaints/sentComplaints 122.193 ms
GET /complaints/sentComplaints 126.929 ms
GET /messages/sentMessages 0.427 ms
GET /complaints/sentComplaints 117.378 ms
GET /messages/sentMessages 0.352 ms
GET /complaints/sentComplaints 113.374 ms
GET /messages/sentMessages 2.523 ms
POST /lg/register 847.404 ms
POST /lg/register 864.607 ms
POST /lg/login 552.997 ms
GET /messages/sentMessages 2.833 ms
GET /messages/sentMessages 0.514 ms
GET /messages/sentMessages 3.513 ms
GET /messages/sentMessages 2.997 ms
POST /lg/login 424.045 ms
GET /complaints/deptComplaints 76.469 ms
GET /complaints/deptComplaints 80.897 ms
POST /lg/login 348.975 ms
GET /messages/sentMessages 2.454 ms
GET /messages/sentMessages 1.140 ms
GET /complaints/search?q= 74.991 ms
GET /complaints/sentComplaints 81.482 ms
GET /complaints/search?q= 78.066 ms
GET /complaints/sentComplaints 78.209 ms
GET /admins/Kadapa 55.027 ms
GET /complaints/draftComplaints 74.690 ms
GET /admins/Kadapa 36.113 ms
GET /complaints/draftComplaints 64.343 ms
POST /complaints/send 96.790 ms
GET /messages/sentMessages 0.409 ms
GET /messages/sentMessages 0.380 ms
GET /complaints/search?q= 76.989 ms
GET /complaints/search?q= 87.107 ms
GET /complaints/sentComplaints 328.955 ms
GET /complaints/sentComplaints 163.775 ms
GET /complaints/search?q=R 75.684 ms
GET /complaints/search?q=Ro 86.424 ms
GET /complaints/search?q=Roa 135.090 ms
GET /complaints/search?q=Road 75.832 ms
GET /complaints/search?q=Roa 121.322 ms
GET /complaints/search?q=Ro 77.425 ms
GET /complaints/search?q=R 169.421 ms
GET /complaints/search?q= 162.943 ms
GET /complaints/search?q=R 128.941 ms
GET /complaints/search?q=Ro 68.524 ms
GET /complaints/search?q=Roa 71.023 ms
GET /complaints/search?q=Road 75.055 ms
GET /complaints/search?q=Ro 296.158 ms
GET /complaints/search?q=R 81.250 ms
GET /complaints/search?q=Roa 518.122 ms
GET /complaints/search?q= 72.040 ms
GET /complaints/search?q=R 80.525 ms
GET /complaints/search?q=Ro 70.431 ms
GET /complaints/search?q=Roa 78.647 ms
GET /complaints/search?q=Road 70.318 ms
GET /messages/sentMessages 2.326 ms
GET /complaints/search?q=Road 252.381 ms
GET /complaints/sentComplaints 286.217 ms
GET /complaints/search?q=Ro 223.824 ms
GET /complaints/search?q=R 139.849 ms
GET /complaints/search?q=Roa 518.933 ms
GET /complaints/search?q= 81.831 ms
GET /complaints/search?q=R 88.182 ms
GET /complaints/search?q=Ro 88.538 ms
GET /complaints/search?q=Roa 85.616 ms
GET /complaints/search?q=Road 86.251 ms
GET /messages/sentMessages 2.218 ms
GET /complaints/search?q=Road 92.094 ms
GET /complaints/sentComplaints 134.431 ms
GET /complaints/search?q=Roa 117.117 ms
GET /complaints/search?q=Road 100.709 ms
GET /messages/sentMessages 5.151 ms
GET /complaints/search?q=Road 125.809 ms
GET /complaints/sentComplaints 374.760 ms
GET /complaints/search?q=Roa 80.249 ms
GET /complaints/search?q=Road 83.400 ms
GET /messages/sentMessages 1.479 ms
GET /complaints/search?q=Road 98.275 ms
GET /complaints/sentComplaints 125.207 ms
GET /messages/sentMessages 0.861 ms
GET /complaints/search?q=Road 192.301 ms
GET /complaints/sentComplaints 228.670 ms
GET /messages/sentMessages 0.795 ms
GET /complaints/search?q=Road 94.479 ms
GET /complaints/sentComplaints 139.107 ms
GET /messages/sentMessages 0.722 ms
GET /complaints/search?q=Road 76.533 ms
GET /complaints/sentComplaints 136.143 ms
GET /messages/sentMessages 0.538 ms
GET /complaints/search?q=Road 76.139 ms
GET /complaints/sentComplaints 135.869 ms
GET /complaints/search?q=Roa 89.844 ms
GET /complaints/search?q=Ro 94.435 ms
GET /complaints/search?q=R 94.961 ms
GET /complaints/search?q= 96.589 ms
GET /complaints/search?q=r 86.472 ms
GET /complaints/search?q= 95.941 ms
GET /messages/sentMessages 0.661 ms
GET /complaints/sentComplaints 198.548 ms
GET /complaints/search?q=R 131.528 ms
GET /complaints/search?q=Ro 114.322 ms
GET /complaints/search?q=Roa 172.616 ms
GET /complaints/search?q=Road 110.887 ms
GET /complaints/search?q=Roa 132.993 ms
GET /complaints/search?q=Ro 244.408 ms
GET /complaints/search?q=R 124.697 ms
GET /admins/Kadapa 53.658 ms
GET /admins/Kadapa 75.871 ms
GET /complaints/draftComplaints 131.394 ms
GET /complaints/draftComplaints 95.251 ms
POST /complaints/send 834.219 ms
GET /messages/sentMessages 0.402 ms
GET /messages/sentMessages 0.460 ms
GET /complaints/sentComplaints 163.154 ms
GET /complaints/sentComplaints 132.771 ms
GET /complaints/search?q=r 114.403 ms
GET /complaints/search?q=ro 134.661 ms
GET /complaints/search?q=roa 160.529 ms
GET /complaints/search?q=road 130.451 ms
GET /complaints/search?q=roa 128.757 ms
GET /complaints/search?q=ro 126.321 ms
GET /complaints/search?q=r 302.404 ms
GET /admins/Kadapa 37.271 ms
GET /admins/Kadapa 43.054 ms
GET /complaints/draftComplaints 89.010 ms
GET /complaints/draftComplaints 92.061 ms
POST /complaints/send 108.277 ms
GET /messages/sentMessages 0.747 ms
GET /messages/sentMessages 0.415 ms
GET /complaints/sentComplaints 135.767 ms
GET /complaints/sentComplaints 130.622 ms
GET /complaints/search?q=r 104.341 ms
GET /complaints/search?q=ro 94.824 ms
GET /complaints/search?q=roa 111.183 ms
GET /complaints/search?q=road 100.097 ms
GET /complaints/search?q=roa 106.925 ms
GET /complaints/search?q=ro 102.771 ms
GET /complaints/search?q=r 120.537 ms
GET /complaints/search?q=r 109.051 ms
GET /complaints/search?q=ro 101.395 ms
GET /complaints/search?q=roa 99.302 ms
GET /complaints/search?q=road 95.266 ms
GET /complaints/search?q=roa 128.140 ms
GET /complaints/search?q=ro 108.962 ms
GET /complaints/search?q=r 112.005 ms
GET /complaints/search?q=ro 104.490 ms
GET /complaints/search?q=roa 104.141 ms
GET /complaints/search?q=road 99.849 ms
GET /complaints/search?q=road%20 242.652 ms
GET /complaints/search?q=road%202 367.099 ms
GET /complaints/search?q=road%202%20 86.835 ms
GET /complaints/search?q=road%202%20w 96.739 ms
GET /complaints/search?q=road%202%20 96.413 ms
GET /complaints/search?q=road%202 87.277 ms
GET /complaints/search?q=road%20 104.087 ms
GET /complaints/search?q=road 86.058 ms
GET /complaints/search?q=roa 87.319 ms
GET /complaints/search?q=ro 112.252 ms
GET /complaints/search?q=r 104.785 ms
GET /complaints/search?q=w 108.751 ms
GET /complaints/search?q=wa 93.696 ms
GET /complaints/search?q=wat 93.427 ms
GET /complaints/search?q=wate 85.817 ms
GET /complaints/search?q=water 87.043 ms
GET /complaints/uploads/attachments-1682631645437.jpg 3.678 ms
GET /complaints/uploads/attachments-1682631645437.jpg 3.471 ms
GET /messages/sentMessages 2.935 ms
GET /complaints/search?q=water 199.788 ms
GET /complaints/sentComplaints 478.266 ms
GET /complaints/uploads/attachments-1682631645437.jpg 0.985 ms
GET /messages/sentMessages 0.925 ms
GET /messages/sentMessages 0.393 ms
GET /complaints/sentComplaints 125.321 ms
GET /complaints/sentComplaints 126.555 ms
GET /complaints/search?q=w 90.489 ms
GET /complaints/search?q=wa 87.255 ms
GET /complaints/search?q=wat 83.642 ms
GET /complaints/search?q=wate 86.351 ms
GET /complaints/search?q=wat 93.393 ms
GET /complaints/search?q=wa 91.515 ms
GET /complaints/search?q=w 93.058 ms
GET /complaints/search?q=r 92.015 ms
GET /complaints/uploads/attachments-1682631606369.jpeg 1.057 ms
GET /complaints/uploads/attachments-1682631606369.jpeg 1.612 ms
PUT /complaints/resolveComplaint/644aebb6eebd37922065fd80 246.323 ms
GET /complaints/search?q=r 98.572 ms
GET /complaints/search?q=ro 98.653 ms
GET /complaints/search?q=roa 88.044 ms
GET /complaints/uploads/attachments-1682631606369.jpeg 1.672 ms
GET /complaints/uploads/attachments-1682631606369.jpeg 0.677 ms
GET /complaints/search?q=ro 93.415 ms
GET /complaints/search?q=r 96.545 ms
GET /upload/undefined 2.041 ms
GET /upload/undefined 1.339 ms
GET /upload/undefined 1.189 ms
POST /lg/login 467.086 ms
GET /complaints/deptComplaints 135.957 ms
GET /complaints/deptComplaints 140.188 ms
POST /lg/login 380.628 ms
GET /messages/sentMessages 0.333 ms
GET /messages/sentMessages 0.246 ms
GET /complaints/sentComplaints 120.570 ms
GET /complaints/sentComplaints 110.319 ms
GET /complaints/search?q=j 247.662 ms
GET /complaints/search?q=jb 85.318 ms
GET /complaints/search?q=jbs 168.687 ms
GET /complaints/search?q=jbsi 137.624 ms
GET /complaints/search?q=jbsie 78.911 ms
GET /complaints/search?q=jbsi 76.718 ms
GET /complaints/search?q=jbs 82.384 ms
GET /complaints/search?q=jb 82.838 ms
GET /complaints/search?q=j 91.631 ms
GET /upload/undefined 1.299 ms
GET /upload/undefined 0.987 ms
GET /upload/undefined 1.394 ms
POST /lg/login 409.358 ms
GET /complaints/deptComplaints 159.882 ms
GET /complaints/deptComplaints 140.062 ms
GET /complaints/deptComplaints 183.486 ms
GET /complaints/deptComplaints 150.571 ms
GET /complaints/deptComplaints 143.153 ms
GET /complaints/dept/search?q=r 97.227 ms
GET /complaints/dept/search?q=ro 106.381 ms
GET /complaints/dept/search?q=r 98.827 ms
GET /complaints/dept/search?q=ro 127.739 ms
GET /complaints/dept/search?q=r 394.940 ms
GET /complaints/dept/search?q=r 103.474 ms
GET /complaints/dept/search?q=r 99.862 ms
GET /complaints/dept/search?q=ro 93.197 ms
GET /complaints/dept/search?q=roa 97.282 ms
GET /complaints/dept/search?q=road 86.160 ms
GET /complaints/dept/search?q=roa 109.129 ms
GET /complaints/dept/search?q=ro 95.234 ms
GET /complaints/dept/search?q=r 94.772 ms
POST /lg/login 453.609 ms
GET /messages/sentMessages 2.176 ms
GET /messages/sentMessages 0.877 ms
GET /complaints/sentComplaints 138.163 ms
GET /complaints/sentComplaints 119.674 ms
POST /lg/login 450.097 ms
GET /messages/sentMessages 0.467 ms
GET /messages/sentMessages 0.394 ms
GET /complaints/sentComplaints 129.232 ms
GET /complaints/sentComplaints 126.823 ms
GET /messages/sentMessages 0.797 ms
GET /complaints/sentComplaints 1.233 ms
GET /messages/sentMessages 0.507 ms
GET /complaints/sentComplaints 1.196 ms
GET /complaints/sentComplaints 1.078 ms
GET /complaints/sentComplaints 0.798 ms
GET /messages/sentMessages 0.406 ms
GET /messages/sentMessages 0.418 ms
POST /lg/login 398.528 ms
GET /messages/sentMessages 0.640 ms
GET /messages/sentMessages 0.523 ms
GET /complaints/sentComplaints 265.498 ms
GET /complaints/sentComplaints 160.052 ms
GET /messages/sentMessages 0.485 ms
GET /complaints/sentComplaints 1.212 ms
GET /messages/sentMessages 0.618 ms
GET /complaints/sentComplaints 1.379 ms
POST /lg/login 386.127 ms
GET /messages/sentMessages 0.661 ms
GET /messages/sentMessages 0.597 ms
GET /complaints/sentComplaints 126.067 ms
GET /complaints/sentComplaints 122.785 ms
GET /complaints/search?q=w 102.405 ms
GET /complaints/search?q=wa 93.208 ms
GET /complaints/search?q=wat 88.745 ms
GET /complaints/search?q=wate 90.998 ms
GET /complaints/search?q=water 92.869 ms
GET /complaints/search?q=wate 87.674 ms
GET /complaints/search?q=wat 88.190 ms
GET /complaints/search?q=wa 94.780 ms
GET /complaints/search?q=w 101.168 ms
GET /upload/undefined 2.500 ms
GET /upload/undefined 1.755 ms
GET /upload/undefined 1.141 ms
GET /admins/Kadapa 60.856 ms
GET /complaints/draftComplaints 80.147 ms
GET /admins/Kadapa 38.943 ms
GET /complaints/draftComplaints 77.012 ms
GET /messages/sentMessages 0.442 ms
GET /messages/sentMessages 0.528 ms
GET /complaints/sentComplaints 227.471 ms
GET /complaints/sentComplaints 168.180 ms
GET /messages/sentMessages 0.625 ms
GET /complaints/sentComplaints 1.618 ms
GET /messages/sentMessages 0.532 ms
GET /complaints/sentComplaints 1.265 ms
POST /lg/login 376.900 ms
GET /complaints/deptComplaints 139.192 ms
GET /complaints/deptComplaints 132.159 ms
GET /complaints/deptComplaints 141.463 ms
GET /complaints/deptComplaints 246.983 ms
GET /complaints/deptComplaints 135.442 ms
GET /complaints/deptComplaints 138.018 ms
GET /upload/undefined 0.826 ms
GET /upload/undefined 0.753 ms
GET /upload/undefined 0.894 ms
GET /complaints/dept/search?q=w 674.578 ms
GET /complaints/dept/search?q=wa 694.318 ms
GET /complaints/dept/search?q=wat 548.063 ms
GET /complaints/dept/search?q=water 283.092 ms
GET /complaints/dept/search?q=wate 883.583 ms
GET /complaints/dept/search?q=wate 80.236 ms
GET /complaints/dept/search?q=wat 107.616 ms
GET /complaints/dept/search?q=wa 77.363 ms
GET /complaints/dept/search?q=w 151.462 ms
GET /complaints/dept/search?q=w 101.933 ms
POST /lg/login 454.142 ms
GET /complaints/deptComplaints 136.183 ms
GET /complaints/deptComplaints 161.936 ms
POST /lg/login 392.855 ms
GET /complaints/deptComplaints 149.805 ms
GET /complaints/deptComplaints 133.464 ms
POST /lg/login 408.525 ms
GET /complaints/deptComplaints 160.213 ms
GET /complaints/deptComplaints 126.892 ms
POST /lg/login 674.768 ms
GET /complaints/deptComplaints 270.337 ms
GET /complaints/deptComplaints 267.022 ms
POST /lg/login 370.583 ms
GET /complaints/deptComplaints 123.097 ms
GET /complaints/deptComplaints 136.448 ms
GET /complaints/deptComplaints 1.085 ms
GET /complaints/deptComplaints 1.113 ms
